--------------------------------------------------------------------------------
Release 14.7 Trace  (nt64)
Copyright (c) 1995-2013 Xilinx, Inc.  All rights reserved.

C:\Xilinx\14.7\ISE_DS\ISE\bin\nt64\unwrapped\trce.exe -intstyle ise -v 3 -s 10
-n 3 -fastpaths -xml Main.twx Main.ncd -o Main.twr Main.pcf -ucf Pre.ucf

Design file:              Main.ncd
Physical constraint file: Main.pcf
Device,package,speed:     xc4vlx60,ff1148,-10 (PRODUCTION 1.71 2013-10-13, STEPPING level 1)
Report level:             verbose report

Environment Variable      Effect 
--------------------      ------ 
NONE                      No environment variables were set
--------------------------------------------------------------------------------

INFO:Timing:2698 - No timing constraints found, doing default enumeration.
INFO:Timing:3412 - To improve timing, see the Timing Closure User Guide (UG612).
INFO:Timing:2752 - To get complete path coverage, use the unconstrained paths 
   option. All paths that are not constrained will be reported in the 
   unconstrained paths section(s) of the report.
INFO:Timing:3339 - The clock-to-out numbers in this timing report are based on 
   a 50 Ohm transmission line loading model.  For the details of this model, 
   and for more information on accounting for different loading conditions, 
   please see the device datasheet.



Data Sheet report:
-----------------
All values displayed in nanoseconds (ns)

Clock FCT_40 to Pad
------------+------------+------------------+--------+
            | clk (edge) |                  | Clock  |
Destination |   to PAD   |Internal Clock(s) | Phase  |
------------+------------+------------------+--------+
Led1        |   15.541(R)|ADC_CLK_OBUF      |   0.000|
------------+------------+------------------+--------+

Clock FCT_40_n to Pad
------------+------------+------------------+--------+
            | clk (edge) |                  | Clock  |
Destination |   to PAD   |Internal Clock(s) | Phase  |
------------+------------+------------------+--------+
Led1        |   15.543(R)|ADC_CLK_OBUF      |   0.000|
------------+------------+------------------+--------+

Clock to Setup on destination clock FCT_40
---------------+---------+---------+---------+---------+
               | Src:Rise| Src:Fall| Src:Rise| Src:Fall|
Source Clock   |Dest:Rise|Dest:Rise|Dest:Fall|Dest:Fall|
---------------+---------+---------+---------+---------+
FCT_40         |    2.650|         |         |         |
FCT_40_n       |    2.650|         |         |         |
---------------+---------+---------+---------+---------+

Clock to Setup on destination clock FCT_40_n
---------------+---------+---------+---------+---------+
               | Src:Rise| Src:Fall| Src:Rise| Src:Fall|
Source Clock   |Dest:Rise|Dest:Rise|Dest:Fall|Dest:Fall|
---------------+---------+---------+---------+---------+
FCT_40         |    2.650|         |         |         |
FCT_40_n       |    2.650|         |         |         |
---------------+---------+---------+---------+---------+

Pad to Pad
---------------+---------------+---------+
Source Pad     |Destination Pad|  Delay  |
---------------+---------------+---------+
FCT_40         |ADC_CLK        |    8.994|
FCT_40_n       |ADC_CLK        |    8.996|
---------------+---------------+---------+


Analysis completed Sun Aug 19 15:40:50 2018 
--------------------------------------------------------------------------------

Trace Settings:
-------------------------
Trace Settings 

Peak Memory Usage: 338 MB



