iMPACT Version: 14.7

iMPACT log file Started on Thu Aug 16 16:12:40 2018

Welcome to iMPACT
iMPACT Version: 14.7
Project:'/home/alexey/Documents/Alexey/VHDL/ISE/Proba2/TopModule//auto_project.ipf'already exists.
Original project has been renamed to'/home/alexey/Documents/Alexey/VHDL/ISE/Proba2/TopModule//auto_project_1.ipf'.
Project:/home/alexey/Documents/Alexey/VHDL/ISE/Proba2/TopModule//auto_project.ipfcreated.
// *** BATCH CMD : setMode -bs
GUI --- Auto connect to cable...
// *** BATCH CMD : setCable -port auto
INFO:iMPACT - Digilent Plugin: Plugin Version: 2.4.4
INFO:iMPACT - Digilent Plugin: found 1 device(s).
INFO:iMPACT - Digilent Plugin: opening device: "ZYBO-Z7", SN:210351A77F8A
INFO:iMPACT - Digilent Plugin: User Name: ZYBO-Z7
INFO:iMPACT - Digilent Plugin: Product Name: Digilent Zybo Z7
INFO:iMPACT - Digilent Plugin: Serial Number: 210351A77F8A
INFO:iMPACT - Digilent Plugin: Product ID: 01D00157
INFO:iMPACT - Digilent Plugin: Firmware Version: 0108
INFO:iMPACT - Digilent Plugin: JTAG Port Number: 0
INFO:iMPACT - Digilent Plugin: JTAG Clock Frequency: 10000000 Hz
Attempting to identify devices in the boundary-scan chain configuration...
INFO:iMPACT - Current time: 16.08.18 16:12
// *** BATCH CMD : Identify -inferir 
PROGRESS_START - Starting Operation.
Identifying chain contents...'0': : Manufacturer's ID = Xilinx xc7z010, Version : 1
INFO:iMPACT:1777 - 
   Reading /opt/Xilinx/14.7/ISE_DS/ISE/zynq/data/xc7z010.bsd...
INFO:iMPACT - Using CseAdapterBSDevice
INFO:iMPACT:501 - '1': Added Device xc7z010 successfully.
----------------------------------------------------------------------
'1': : Manufacturer's ID = Xilinx zynq7000_arm_dap, Version : 4
INFO:iMPACT:501 - '1': Added Device UNKNOWN successfully.
----------------------------------------------------------------------
INFO:iMPACT:1777 - 
   Reading /opt/Xilinx/14.7/ISE_DS/ISE/zynq/data/zynq7000_arm_dap.bsd...
----------------------------------------------------------------------
done.
PROGRESS_END - End Operation.
Elapsed time =      0 sec.
// *** BATCH CMD : identifyMPM 
// *** BATCH CMD : assignFile -p 2 -file"/home/alexey/Documents/Alexey/VHDL/ISE/Proba4/ZynqDemoBoard/Top.bit"
'2': Loading file'/home/alexey/Documents/Alexey/VHDL/ISE/Proba4/ZynqDemoBoard/Top.bit' ...
done.
INFO:iMPACT - Using CseAdapterBSDevice
INFO:iMPACT:2257 - Startup Clock has been changed to 'JtagClk' in the bitstream   stored in memory,
   but the original bitstream file remains unchanged.
UserID read from the bitstream file = 0xFFFFFFFF.
----------------------------------------------------------------------
INFO:iMPACT:501 - '2': Added Device xc7z010 successfully.
----------------------------------------------------------------------
INFO:iMPACT - Current time: 16.08.18 16:13
// *** BATCH CMD : Program -p 2 
PROGRESS_START - Starting Operation.
Warning: Chain frequency (1000000) is less than the current cable speed(10000000).
 Adjust to cable speed (1000000).
Maximum TCK operating frequency for this device chain: 1000000.
Validating chain...
Boundary-scan chain validated successfully.
2: Device Temperature: Current Reading:   46,93 C, Min. Reading:   30,69 C, Max.Reading:   46,93 C
2: VCCINT Supply: Current Reading:   0,987 V, Min. Reading:   0,987 V, Max.Reading:   0,990 V
2: VCCAUX Supply: Current Reading:   1,790 V, Min. Reading:   1,787 V, Max.Reading:   1,793 V
INFO:iMPACT - Creating XC7Z010 device.
PROGRESS_START - Starting Operation.
'2': Programming device...
 Match_cycle = NoWait.
Match cycle: NoWait
 LCK_cycle = NoWait.
LCK cycle: NoWait
done.
INFO:Cse - Status register values:
INFO:Cse - 0011 1111 1111 1110 0000 1000 0110 0010 
INFO:Cse - '2': Completed downloading bit file to device.
INFO:Cse - '2': Programming completed successfully.
 Match_cycle = NoWait.
Match cycle: NoWait
 LCK_cycle = NoWait.
LCK cycle: NoWait
INFO:iMPACT - '2': Checking done pin....done.
'2': Programmed successfully.
PROGRESS_END - End Operation.
Elapsed time =     16 sec.
INFO:iMPACT - Current time: 16.08.18 16:28
// *** BATCH CMD : Program -p 2 
Maximum TCK operating frequency for this device chain: 1000000.
Validating chain...
Boundary-scan chain validated successfully.
2: Device Temperature: Current Reading:   47,91 C, Min. Reading:   41,52 C, Max.Reading:   48,41 C
2: VCCINT Supply: Current Reading:   0,990 V, Min. Reading:   0,987 V, Max.Reading:   0,990 V
2: VCCAUX Supply: Current Reading:   1,793 V, Min. Reading:   1,790 V, Max.Reading:   1,796 V
PROGRESS_START - Starting Operation.
'2': Programming device...
 Match_cycle = NoWait.
Match cycle: NoWait
 LCK_cycle = NoWait.
LCK cycle: NoWait
done.
INFO:Cse - Status register values:
INFO:Cse - 0011 1111 1111 1110 0000 1000 0110 0010 
INFO:Cse - '2': Completed downloading bit file to device.
INFO:Cse - '2': Programming completed successfully.
 Match_cycle = NoWait.
Match cycle: NoWait
 LCK_cycle = NoWait.
LCK cycle: NoWait
INFO:iMPACT - '2': Checking done pin....done.
'2': Programmed successfully.
PROGRESS_END - End Operation.
Elapsed time =     17 sec.
Project:'/home/alexey/Documents/Alexey/VHDL/ISE/Proba2/TopModule//auto_project.ipf'created.
// *** BATCH CMD : setMode -bs
// *** BATCH CMD : setMode -ss
// *** BATCH CMD : setMode -sm
// *** BATCH CMD : setMode -hw140
// *** BATCH CMD : setMode -spi
// *** BATCH CMD : setMode -acecf
// *** BATCH CMD : setMode -acempm
// *** BATCH CMD : setMode -pff
// *** BATCH CMD : setMode -bs
// *** BATCH CMD : saveProjectFile -file"/home/alexey/Documents/Alexey/VHDL/ISE/Proba2/TopModule//auto_project.ipf"
INFO:iMPACT - User_EnvOsname: 'Ubuntu'
INFO:iMPACT - User_EnvOsrelease: 'Ubuntu 18.04 LTS'
// *** BATCH CMD : setMode -bs
INFO:iMPACT - Launching WebTalk, please refer to the webtalk log at   /home/alexey/Documents/Alexey/VHDL/ISE/Proba2/TopModule/webtalk.log for   details.
INFO:iMPACT - Running wbtc successfully.
// *** BATCH CMD : setMode -bs
// *** BATCH CMD : deleteDevice -position 1
----------------------------------------------------------------------
// *** BATCH CMD : deleteDevice -position 1
// *** BATCH CMD : setMode -bs
// *** BATCH CMD : setMode -ss
// *** BATCH CMD : setMode -sm
// *** BATCH CMD : setMode -hw140
// *** BATCH CMD : setMode -spi
// *** BATCH CMD : setMode -acecf
// *** BATCH CMD : setMode -acempm
// *** BATCH CMD : setMode -pff
