Release 14.7 - ngc2edif P.20131013 (nt64)
Copyright (c) 1995-2013 Xilinx, Inc.  All rights reserved.
Reading design Main.ngc ...
WARNING:NetListWriters:298 - No output is written to Main.xncf, ignored.
Processing design ...
   Preping design's networks ...
   Preping design's macros ...
WARNING:NetListWriters:306 - Signal bus
   FindMaxAmp_i/Madd_GroupSum_0_addsub0001_Madd_lut<7 : 0> on block Main is not
   reconstructed, because there are some missing bus signals.
WARNING:NetListWriters:306 - Signal bus
   FindMaxAmp_i/Madd_GroupSum_1_addsub0001_Madd_lut<7 : 0> on block Main is not
   reconstructed, because there are some missing bus signals.
WARNING:NetListWriters:306 - Signal bus
   FindMaxAmp_i/Madd_GroupSum_2_addsub0001_Madd_lut<7 : 0> on block Main is not
   reconstructed, because there are some missing bus signals.
WARNING:NetListWriters:306 - Signal bus
   FindMaxAmp_i/Madd_GroupSum_3_addsub0001_Madd_lut<7 : 0> on block Main is not
   reconstructed, because there are some missing bus signals.
WARNING:NetListWriters:306 - Signal bus
   FindMaxAmp_i/Madd_GroupSum_4_addsub0001_Madd_lut<7 : 0> on block Main is not
   reconstructed, because there are some missing bus signals.
WARNING:NetListWriters:306 - Signal bus
   FindMaxAmp_i/Madd_GroupSum_5_addsub0001_Madd_lut<7 : 0> on block Main is not
   reconstructed, because there are some missing bus signals.
WARNING:NetListWriters:306 - Signal bus
   FindMaxAmp_i/Madd_GroupSum_6_addsub0001_Madd_lut<7 : 0> on block Main is not
   reconstructed, because there are some missing bus signals.
WARNING:NetListWriters:306 - Signal bus
   FindMaxAmp_i/Madd_GroupSum_7_addsub0001_Madd_lut<7 : 0> on block Main is not
   reconstructed, because there are some missing bus signals.
WARNING:NetListWriters:306 - Signal bus
   FindMaxAmp_i/Madd_GroupSum_8_addsub0001_Madd_lut<7 : 0> on block Main is not
   reconstructed, because there are some missing bus signals.
  finished :Prep
Writing EDIF netlist file Main.edif ...
ngc2edif: Total memory usage is 118880 kilobytes

Release 14.7 - ngc2edif P.20131013 (nt64)
Copyright (c) 1995-2013 Xilinx, Inc.  All rights reserved.
Reading design Main.ngc ...
WARNING:NetListWriters:298 - No output is written to Main.xncf, ignored.
Processing design ...
   Preping design's networks ...
   Preping design's macros ...
WARNING:NetListWriters:306 - Signal bus ADCOutDataNext_o<11 : 2> on block Main
   is not reconstructed, because there are some missing bus signals.
WARNING:NetListWriters:306 - Signal bus
   FindMaxAmp_i/Madd_GroupSum_0_addsub0001_Madd_lut<7 : 0> on block Main is not
   reconstructed, because there are some missing bus signals.
WARNING:NetListWriters:306 - Signal bus
   FindMaxAmp_i/Madd_GroupSum_1_addsub0001_Madd_lut<7 : 0> on block Main is not
   reconstructed, because there are some missing bus signals.
WARNING:NetListWriters:306 - Signal bus
   FindMaxAmp_i/Madd_GroupSum_2_addsub0001_Madd_lut<7 : 0> on block Main is not
   reconstructed, because there are some missing bus signals.
WARNING:NetListWriters:306 - Signal bus
   FindMaxAmp_i/Madd_GroupSum_3_addsub0001_Madd_lut<7 : 0> on block Main is not
   reconstructed, because there are some missing bus signals.
WARNING:NetListWriters:306 - Signal bus
   FindMaxAmp_i/Madd_GroupSum_4_addsub0001_Madd_lut<7 : 0> on block Main is not
   reconstructed, because there are some missing bus signals.
WARNING:NetListWriters:306 - Signal bus
   FindMaxAmp_i/Madd_GroupSum_5_addsub0001_Madd_lut<7 : 0> on block Main is not
   reconstructed, because there are some missing bus signals.
WARNING:NetListWriters:306 - Signal bus
   FindMaxAmp_i/Madd_GroupSum_6_addsub0001_Madd_lut<7 : 0> on block Main is not
   reconstructed, because there are some missing bus signals.
WARNING:NetListWriters:306 - Signal bus
   FindMaxAmp_i/Madd_GroupSum_7_addsub0001_Madd_lut<7 : 0> on block Main is not
   reconstructed, because there are some missing bus signals.
WARNING:NetListWriters:306 - Signal bus
   FindMaxAmp_i/Madd_GroupSum_8_addsub0001_Madd_lut<7 : 0> on block Main is not
   reconstructed, because there are some missing bus signals.
  finished :Prep
Writing EDIF netlist file Main.edif ...
ngc2edif: Total memory usage is 119328 kilobytes

Release 14.7 - ngc2edif P.20131013 (nt64)
Copyright (c) 1995-2013 Xilinx, Inc.  All rights reserved.
Reading design Main.ngc ...
WARNING:NetListWriters:298 - No output is written to Main.xncf, ignored.
Processing design ...
   Preping design's networks ...
   Preping design's macros ...
WARNING:NetListWriters:306 - Signal bus ADCOutDataNext_o<11 : 2> on block Main
   is not reconstructed, because there are some missing bus signals.
WARNING:NetListWriters:306 - Signal bus
   FindMaxAmp_i/Madd_GroupSum_0_addsub0001_Madd_lut<7 : 0> on block Main is not
   reconstructed, because there are some missing bus signals.
WARNING:NetListWriters:306 - Signal bus
   FindMaxAmp_i/Madd_GroupSum_1_addsub0001_Madd_lut<7 : 0> on block Main is not
   reconstructed, because there are some missing bus signals.
WARNING:NetListWriters:306 - Signal bus
   FindMaxAmp_i/Madd_GroupSum_2_addsub0001_Madd_lut<7 : 0> on block Main is not
   reconstructed, because there are some missing bus signals.
WARNING:NetListWriters:306 - Signal bus
   FindMaxAmp_i/Madd_GroupSum_3_addsub0001_Madd_lut<7 : 0> on block Main is not
   reconstructed, because there are some missing bus signals.
WARNING:NetListWriters:306 - Signal bus
   FindMaxAmp_i/Madd_GroupSum_4_addsub0001_Madd_lut<7 : 0> on block Main is not
   reconstructed, because there are some missing bus signals.
WARNING:NetListWriters:306 - Signal bus
   FindMaxAmp_i/Madd_GroupSum_5_addsub0001_Madd_lut<7 : 0> on block Main is not
   reconstructed, because there are some missing bus signals.
WARNING:NetListWriters:306 - Signal bus
   FindMaxAmp_i/Madd_GroupSum_6_addsub0001_Madd_lut<7 : 0> on block Main is not
   reconstructed, because there are some missing bus signals.
WARNING:NetListWriters:306 - Signal bus
   FindMaxAmp_i/Madd_GroupSum_7_addsub0001_Madd_lut<7 : 0> on block Main is not
   reconstructed, because there are some missing bus signals.
WARNING:NetListWriters:306 - Signal bus
   FindMaxAmp_i/Madd_GroupSum_8_addsub0001_Madd_lut<7 : 0> on block Main is not
   reconstructed, because there are some missing bus signals.
  finished :Prep
Writing EDIF netlist file Main.edif ...
ngc2edif: Total memory usage is 118240 kilobytes

Release 14.7 - ngc2edif P.20131013 (nt64)
Copyright (c) 1995-2013 Xilinx, Inc.  All rights reserved.
Reading design Main.ngc ...
WARNING:NetListWriters:298 - No output is written to Main.xncf, ignored.
Processing design ...
   Preping design's networks ...
   Preping design's macros ...
WARNING:NetListWriters:306 - Signal bus ADCOutDataNext_o<11 : 2> on block Main
   is not reconstructed, because there are some missing bus signals.
WARNING:NetListWriters:306 - Signal bus
   FindMaxAmp_i/Madd_GroupSum_0_addsub0001_Madd_lut<7 : 0> on block Main is not
   reconstructed, because there are some missing bus signals.
WARNING:NetListWriters:306 - Signal bus
   FindMaxAmp_i/Madd_GroupSum_1_addsub0001_Madd_lut<7 : 0> on block Main is not
   reconstructed, because there are some missing bus signals.
WARNING:NetListWriters:306 - Signal bus
   FindMaxAmp_i/Madd_GroupSum_2_addsub0001_Madd_lut<7 : 0> on block Main is not
   reconstructed, because there are some missing bus signals.
WARNING:NetListWriters:306 - Signal bus
   FindMaxAmp_i/Madd_GroupSum_3_addsub0001_Madd_lut<7 : 0> on block Main is not
   reconstructed, because there are some missing bus signals.
WARNING:NetListWriters:306 - Signal bus
   FindMaxAmp_i/Madd_GroupSum_4_addsub0001_Madd_lut<7 : 0> on block Main is not
   reconstructed, because there are some missing bus signals.
WARNING:NetListWriters:306 - Signal bus
   FindMaxAmp_i/Madd_GroupSum_5_addsub0001_Madd_lut<7 : 0> on block Main is not
   reconstructed, because there are some missing bus signals.
WARNING:NetListWriters:306 - Signal bus
   FindMaxAmp_i/Madd_GroupSum_6_addsub0001_Madd_lut<7 : 0> on block Main is not
   reconstructed, because there are some missing bus signals.
WARNING:NetListWriters:306 - Signal bus
   FindMaxAmp_i/Madd_GroupSum_7_addsub0001_Madd_lut<7 : 0> on block Main is not
   reconstructed, because there are some missing bus signals.
WARNING:NetListWriters:306 - Signal bus
   FindMaxAmp_i/Madd_GroupSum_8_addsub0001_Madd_lut<7 : 0> on block Main is not
   reconstructed, because there are some missing bus signals.
  finished :Prep
Writing EDIF netlist file Main.edif ...
ngc2edif: Total memory usage is 118892 kilobytes

