Cannot convert the following lines in file "d:\users\leon\japan\Ñõåìû\camtastic.cam":
Line 111: 
E.
*** Unknown command ***
Line 168: 
+
*** Unknown command ***
Line 171: 
Ý.TA
*** Unknown command ***
Line 180: 
(
*** Unknown command ***
Line 195: 
J.
*** Unknown command ***
Line 203: 
(
*** Unknown command ***
Line 264: 
(
*** Unknown command ***
Line 265: 
(
*** Unknown command ***
Line 276: 
‚-
*** Unknown command ***
Line 284: 
J.
*** Unknown command ***
Line 306: 
|0
*** Unknown command ***
